<?xml version="1.0" encoding="UTF-8"?>
<!-- Generated by org.testng.reporters.JUnitXMLReporter -->
<testsuite ignored="5" hostname="HPLaptop" failures="5" tests="31" name="Test" time="103.077" errors="0" timestamp="2024-10-23T12:24:52 IST">
  <testcase classname="ezugi_api_Test.DebitAPITest" name="debitAPIMissingParameterTest" time="13.321"/>
  <testcase classname="ezugi_api_Test.DebitAPITest" name="debitValidTest" time="1.297"/>
  <testcase classname="ezugi_api_Test.DebitAPITest" name="debitAPIwith_sameRoundId_UniqueTransactionID" time="1.217"/>
  <testcase classname="ezugi_api_Test.DebitAPITest" name="debitAPIWith_Invalid_EmptyString_NullOperatorId" time="0.768"/>
  <testcase classname="ezugi_api_Test.DebitAPITest" name="debitAPIWith_Invalid_EmptyString_NullOperatorId" time="0.788"/>
  <testcase classname="ezugi_api_Test.DebitAPITest" name="debitAPIWith_Invalid_EmptyString_NullOperatorId" time="0.741"/>
  <testcase classname="ezugi_api_Test.CreditAPITest" name="creditAPIMissingParameterTest" time="52.882"/>
  <testcase classname="ezugi_api_Test.CreditAPITest" name="creditValidTest" time="0.789">
    <failure type="java.lang.AssertionError" message="1 expectation failed.
Expected status code &amp;lt;200&amp;gt; but was &amp;lt;400&amp;gt;.
">
      <![CDATA[java.lang.AssertionError: 1 expectation failed.
Expected status code <200> but was <400>.

at org.codehaus.groovy.runtime.callsite.ConstructorSite$ConstructorSiteNoUnwrapNoCoerce.callConstructor(ConstructorSite.java:108)
at org.codehaus.groovy.runtime.callsite.CallSiteArray.defaultCallConstructor(CallSiteArray.java:57)
at org.codehaus.groovy.runtime.callsite.AbstractCallSite.callConstructor(AbstractCallSite.java:263)
at org.codehaus.groovy.runtime.callsite.AbstractCallSite.callConstructor(AbstractCallSite.java:277)
at io.restassured.internal.ResponseSpecificationImpl$HamcrestAssertionClosure.validate(ResponseSpecificationImpl.groovy:512)
at io.restassured.internal.ResponseSpecificationImpl$HamcrestAssertionClosure$validate$1.call(Unknown Source)
at io.restassured.internal.ResponseSpecificationImpl.validateResponseIfRequired(ResponseSpecificationImpl.groovy:696)
at io.restassured.internal.ResponseSpecificationImpl.this$2$validateResponseIfRequired(ResponseSpecificationImpl.groovy)
at org.codehaus.groovy.runtime.callsite.PlainObjectMetaMethodSite.doInvoke(PlainObjectMetaMethodSite.java:43)
at org.codehaus.groovy.runtime.callsite.PogoMetaMethodSite$PogoCachedMethodSiteNoUnwrapNoCoerce.invoke(PogoMetaMethodSite.java:198)
at org.codehaus.groovy.runtime.callsite.PogoMetaMethodSite.callCurrent(PogoMetaMethodSite.java:62)
at org.codehaus.groovy.runtime.callsite.AbstractCallSite.callCurrent(AbstractCallSite.java:185)
at io.restassured.internal.ResponseSpecificationImpl.statusCode(ResponseSpecificationImpl.groovy:135)
at io.restassured.specification.ResponseSpecification$statusCode$0.callCurrent(Unknown Source)
at io.restassured.internal.ResponseSpecificationImpl.statusCode(ResponseSpecificationImpl.groovy:143)
at io.restassured.internal.ValidatableResponseOptionsImpl.statusCode(ValidatableResponseOptionsImpl.java:89)
at ezugi_api_Test.CreditAPITest.creditValidTest(CreditAPITest.java:39)
at java.base/java.util.ArrayList.forEach(ArrayList.java:1597)
... Removed 31 stack frames]]>
    </failure>
  </testcase> <!-- creditValidTest -->
  <testcase classname="ezugi_api_Test.DebitAPIForNegativeInputTest" name="debitAPIWithInvalid_EmptyString_nullTokenTest" time="0.764"/>
  <testcase classname="ezugi_api_Test.DebitAPIForNegativeInputTest" name="debitAPIWithInvalid_EmptyString_nullTokenTest" time="0.795"/>
  <testcase classname="ezugi_api_Test.DebitAPIForNegativeInputTest" name="debitAPIWithInvalid_EmptyString_nullTokenTest" time="0.757"/>
  <testcase classname="ezugi_api_Test.DebitAPIForNegativeInputTest" name="debitAPIWith_Invalid_EmptyString_NullGameId" time="0.74"/>
  <testcase classname="ezugi_api_Test.DebitAPIForNegativeInputTest" name="debitAPIWith_Invalid_EmptyString_NullGameId" time="0.776"/>
  <testcase classname="ezugi_api_Test.DebitAPIForNegativeInputTest" name="debitAPIWith_Invalid_EmptyString_NullGameId" time="1.523">
    <failure type="org.testng.internal.reflect.MethodMatcherException" message="
[public void ezugi_api_Test.DebitAPIForNegativeInputTest.debitAPIWith_Invalid_EmptyString_NullGameId(int) throws java.security.InvalidKeyException,com.fasterxml.jackson.core.JsonProcessingException,java.security.NoSuchAlgorithmException] has no parameters defined but was found to be using a data provider (either explicitly specified or inherited from class level annotation).
Data provider mismatch
Method: debitAPIWith_Invalid_EmptyString_NullGameId([int arg0])
Arguments: [(java.lang.Long) 37]">
      <![CDATA[org.testng.internal.reflect.MethodMatcherException: 
[public void ezugi_api_Test.DebitAPIForNegativeInputTest.debitAPIWith_Invalid_EmptyString_NullGameId(int) throws java.security.InvalidKeyException,com.fasterxml.jackson.core.JsonProcessingException,java.security.NoSuchAlgorithmException] has no parameters defined but was found to be using a data provider (either explicitly specified or inherited from class level annotation).
Data provider mismatch
Method: debitAPIWith_Invalid_EmptyString_NullGameId([int arg0])
Arguments: [(java.lang.Long) 37]
at java.base/java.util.ArrayList.forEach(ArrayList.java:1597)
... Removed 22 stack frames]]>
    </failure>
  </testcase> <!-- debitAPIWith_Invalid_EmptyString_NullGameId -->
  <testcase classname="ezugi_api_Test.DebitAPIForNegativeInputTest" name="debitAPIWith_Invalid_EmptyString_NullPlayerId" time="0.815"/>
  <testcase classname="ezugi_api_Test.DebitAPIForNegativeInputTest" name="debitAPIWith_Invalid_EmptyString_NullPlayerId" time="0.762"/>
  <testcase classname="ezugi_api_Test.DebitAPIForNegativeInputTest" name="debitAPIWith_Invalid_EmptyString_NullPlayerId" time="0.785"/>
  <testcase classname="ezugi_api_Test.RollbackAPITest" name="rollbackAPIMissingParametersTest" time="10.8"/>
  <testcase classname="ezugi_api_Test.RollbackAPITest" name="rollbackValidTest" time="0.817">
    <failure type="java.lang.AssertionError" message="1 expectation failed.
Expected status code &amp;lt;200&amp;gt; but was &amp;lt;400&amp;gt;.
">
      <![CDATA[java.lang.AssertionError: 1 expectation failed.
Expected status code <200> but was <400>.

at org.codehaus.groovy.runtime.callsite.ConstructorSite$ConstructorSiteNoUnwrapNoCoerce.callConstructor(ConstructorSite.java:108)
at org.codehaus.groovy.runtime.callsite.AbstractCallSite.callConstructor(AbstractCallSite.java:277)
at io.restassured.internal.ResponseSpecificationImpl$HamcrestAssertionClosure.validate(ResponseSpecificationImpl.groovy:512)
at io.restassured.internal.ResponseSpecificationImpl$HamcrestAssertionClosure$validate$1.call(Unknown Source)
at io.restassured.internal.ResponseSpecificationImpl.validateResponseIfRequired(ResponseSpecificationImpl.groovy:696)
at io.restassured.internal.ResponseSpecificationImpl.this$2$validateResponseIfRequired(ResponseSpecificationImpl.groovy)
at org.codehaus.groovy.runtime.callsite.PlainObjectMetaMethodSite.doInvoke(PlainObjectMetaMethodSite.java:43)
at org.codehaus.groovy.runtime.callsite.PogoMetaMethodSite$PogoCachedMethodSiteNoUnwrapNoCoerce.invoke(PogoMetaMethodSite.java:198)
at org.codehaus.groovy.runtime.callsite.PogoMetaMethodSite.callCurrent(PogoMetaMethodSite.java:62)
at org.codehaus.groovy.runtime.callsite.AbstractCallSite.callCurrent(AbstractCallSite.java:185)
at io.restassured.internal.ResponseSpecificationImpl.statusCode(ResponseSpecificationImpl.groovy:135)
at io.restassured.specification.ResponseSpecification$statusCode$0.callCurrent(Unknown Source)
at io.restassured.internal.ResponseSpecificationImpl.statusCode(ResponseSpecificationImpl.groovy:143)
at io.restassured.internal.ValidatableResponseOptionsImpl.statusCode(ValidatableResponseOptionsImpl.java:89)
at ezugi_api_Test.RollbackAPITest.rollbackValidTest(RollbackAPITest.java:37)
at java.base/java.util.ArrayList.forEach(ArrayList.java:1597)
... Removed 31 stack frames]]>
    </failure>
  </testcase> <!-- rollbackValidTest -->
  <testcase classname="ezugi_api_Test.AuthenticationTest" name="authenticationEmptyLaunchTokenTest" time="0.795"/>
  <testcase classname="ezugi_api_Test.AuthenticationTest" name="authenticationInvalidLaunchTokenTest" time="0.799"/>
  <testcase classname="ezugi_api_Test.AuthenticationTest" name="authenticationMissingLaunchTokenTest" time="0.793"/>
  <testcase classname="ezugi_api_Test.AuthenticationTest" name="authenticationNullLaunchTokenTest" time="0.817"/>
  <testcase classname="ezugi_api_Test.AuthenticationTest" name="authenticationValidTest" time="0.779">
    <failure type="java.lang.AssertionError" message="1 expectation failed.
Expected status code &amp;lt;200&amp;gt; but was &amp;lt;400&amp;gt;.
">
      <![CDATA[java.lang.AssertionError: 1 expectation failed.
Expected status code <200> but was <400>.

at org.codehaus.groovy.runtime.callsite.ConstructorSite$ConstructorSiteNoUnwrapNoCoerce.callConstructor(ConstructorSite.java:108)
at org.codehaus.groovy.runtime.callsite.AbstractCallSite.callConstructor(AbstractCallSite.java:277)
at io.restassured.internal.ResponseSpecificationImpl$HamcrestAssertionClosure.validate(ResponseSpecificationImpl.groovy:512)
at io.restassured.internal.ResponseSpecificationImpl$HamcrestAssertionClosure$validate$1.call(Unknown Source)
at io.restassured.internal.ResponseSpecificationImpl.validateResponseIfRequired(ResponseSpecificationImpl.groovy:696)
at io.restassured.internal.ResponseSpecificationImpl.this$2$validateResponseIfRequired(ResponseSpecificationImpl.groovy)
at org.codehaus.groovy.runtime.callsite.PlainObjectMetaMethodSite.doInvoke(PlainObjectMetaMethodSite.java:43)
at org.codehaus.groovy.runtime.callsite.PogoMetaMethodSite$PogoCachedMethodSiteNoUnwrapNoCoerce.invoke(PogoMetaMethodSite.java:198)
at org.codehaus.groovy.runtime.callsite.PogoMetaMethodSite.callCurrent(PogoMetaMethodSite.java:62)
at org.codehaus.groovy.runtime.callsite.AbstractCallSite.callCurrent(AbstractCallSite.java:185)
at io.restassured.internal.ResponseSpecificationImpl.statusCode(ResponseSpecificationImpl.groovy:135)
at io.restassured.specification.ResponseSpecification$statusCode$0.callCurrent(Unknown Source)
at io.restassured.internal.ResponseSpecificationImpl.statusCode(ResponseSpecificationImpl.groovy:143)
at io.restassured.internal.ValidatableResponseOptionsImpl.statusCode(ValidatableResponseOptionsImpl.java:89)
at ezugi_api_Test.AuthenticationTest.authenticationValidTest(AuthenticationTest.java:29)
at java.base/java.util.ArrayList.forEach(ArrayList.java:1597)
... Removed 31 stack frames]]>
    </failure>
  </testcase> <!-- authenticationValidTest -->
  <testcase classname="ezugi_api_Test.GetUrlAPITest" name="getURLAPIMissingParametersTest" time="4.745"/>
  <testcase classname="ezugi_api_Test.GetUrlAPITest" name="getURLEmptyStringTokenTest" time="0.78"/>
  <testcase classname="ezugi_api_Test.GetUrlAPITest" name="getURLInvalidPlayerIdTest" time="0.776"/>
  <testcase classname="ezugi_api_Test.GetUrlAPITest" name="getURLNullOperatorIdTest" time="0.768"/>
  <testcase classname="ezugi_api_Test.GetUrlAPITest" name="getURLNullPlayerIdTest" time="0.754"/>
  <testcase classname="ezugi_api_Test.GetUrlAPITest" name="getURLNullTokenTest" time="0.763"/>
  <testcase classname="ezugi_api_Test.GetUrlAPITest" name="getURLValidTest" time="0.781">
    <failure type="java.lang.AssertionError" message="1 expectation failed.
Expected status code &amp;lt;200&amp;gt; but was &amp;lt;400&amp;gt;.
">
      <![CDATA[java.lang.AssertionError: 1 expectation failed.
Expected status code <200> but was <400>.

at org.codehaus.groovy.runtime.callsite.ConstructorSite$ConstructorSiteNoUnwrapNoCoerce.callConstructor(ConstructorSite.java:108)
at org.codehaus.groovy.runtime.callsite.AbstractCallSite.callConstructor(AbstractCallSite.java:277)
at io.restassured.internal.ResponseSpecificationImpl$HamcrestAssertionClosure.validate(ResponseSpecificationImpl.groovy:512)
at io.restassured.internal.ResponseSpecificationImpl$HamcrestAssertionClosure$validate$1.call(Unknown Source)
at io.restassured.internal.ResponseSpecificationImpl.validateResponseIfRequired(ResponseSpecificationImpl.groovy:696)
at io.restassured.internal.ResponseSpecificationImpl.this$2$validateResponseIfRequired(ResponseSpecificationImpl.groovy)
at org.codehaus.groovy.runtime.callsite.PlainObjectMetaMethodSite.doInvoke(PlainObjectMetaMethodSite.java:43)
at org.codehaus.groovy.runtime.callsite.PogoMetaMethodSite$PogoCachedMethodSiteNoUnwrapNoCoerce.invoke(PogoMetaMethodSite.java:198)
at org.codehaus.groovy.runtime.callsite.PogoMetaMethodSite.callCurrent(PogoMetaMethodSite.java:62)
at org.codehaus.groovy.runtime.callsite.AbstractCallSite.callCurrent(AbstractCallSite.java:185)
at io.restassured.internal.ResponseSpecificationImpl.statusCode(ResponseSpecificationImpl.groovy:135)
at io.restassured.specification.ResponseSpecification$statusCode$0.callCurrent(Unknown Source)
at io.restassured.internal.ResponseSpecificationImpl.statusCode(ResponseSpecificationImpl.groovy:143)
at io.restassured.internal.ValidatableResponseOptionsImpl.statusCode(ValidatableResponseOptionsImpl.java:89)
at ezugi_api_Test.GetUrlAPITest.getURLValidTest(GetUrlAPITest.java:34)
at java.base/java.util.ArrayList.forEach(ArrayList.java:1597)
... Removed 31 stack frames]]>
    </failure>
  </testcase> <!-- getURLValidTest -->
  <testcase classname="baseapi.BaseApiClass" name="@BeforeSuite variables" time="0.0">
    <ignored/>
  </testcase> <!-- @BeforeSuite variables -->
  <testcase classname="baseapi.BaseApiClass" name="@BeforeSuite variables" time="0.0">
    <ignored/>
  </testcase> <!-- @BeforeSuite variables -->
  <testcase classname="baseapi.BaseApiClass" name="@BeforeSuite variables" time="0.0">
    <ignored/>
  </testcase> <!-- @BeforeSuite variables -->
  <testcase classname="baseapi.BaseApiClass" name="@BeforeSuite variables" time="0.0">
    <ignored/>
  </testcase> <!-- @BeforeSuite variables -->
  <testcase classname="baseapi.BaseApiClass" name="@BeforeSuite variables" time="0.0">
    <ignored/>
  </testcase> <!-- @BeforeSuite variables -->
</testsuite> <!-- Test -->
